<?xml version="1.0" encoding="UTF-8"?>
<!-- Generated by org.testng.reporters.JUnitReportReporter -->
<testsuite hostname="PORTABLEONE" name="alerts.AlertsTest" tests="3" failures="0" timestamp="20 Jun 2016 03:06:20 GMT" time="0.984" errors="0">
  <testcase name="testConfirmationBox" time="0.294" classname="alerts.AlertsTest"/>
  <testcase name="testPrompt" time="0.334" classname="alerts.AlertsTest"/>
  <testcase name="openAlert" time="0.356" classname="alerts.AlertsTest"/>
</testsuite> <!-- alerts.AlertsTest -->
